<?xml version="1.0" encoding="utf-8"?><testsuites name="pytest tests"><testsuite name="pytest" errors="0" failures="0" skipped="0" tests="7" time="2.407" timestamp="2026-06-07T15:54:15.549791+00:00" hostname="agent-env-f41ad005-9a5b-4903-b939-fe299077d4a2"><testcase classname="backend.tests.backend_test.TestHealth" name="test_root" time="0.280" /><testcase classname="backend.tests.backend_test.TestBookings" name="test_create_booking_success" time="0.434" /><testcase classname="backend.tests.backend_test.TestBookings" name="test_create_booking_missing_name" time="0.050" /><testcase classname="backend.tests.backend_test.TestBookings" name="test_create_booking_missing_phone" time="0.047" /><testcase classname="backend.tests.backend_test.TestBookings" name="test_create_booking_missing_service" time="0.044" /><testcase classname="backend.tests.backend_test.TestBookings" name="test_create_booking_empty_required" time="0.047" /><testcase classname="backend.tests.backend_test.TestBookings" name="test_list_bookings_sorted_desc" time="1.248" /></testsuite></testsuites>